<?xml version="1.0" encoding="UTF-8"?>
<testsuite xmlns:xsi="http://www.w3.org/2001/XMLSchema-instance" xsi:noNamespaceSchemaLocation="https://maven.apache.org/surefire/maven-surefire-plugin/xsd/surefire-test-report-3.0.xsd" version="3.0" name="dk.benand.cbse.background.BackgroundPluginTest" time="0.735" tests="1" errors="0" skipped="0" failures="0">
  <properties>
[...]
</properties>
  <testcase name="testGetBackgroundReturnsCorrectImageView" classname="dk.benand.cbse.background.BackgroundPluginTest" time="0.194">
    <system-err><![CDATA[maj 20, 2025 8:18:46 PM com.sun.javafx.application.PlatformImpl startup
WARNING: Unsupported JavaFX configuration: classes were loaded from 'unnamed module @12cdcf4'
]]></system-err>
  </testcase>
</testsuite>